JvmtiExport can_access_local_variables 0
JvmtiExport can_hotswap_or_post_breakpoint 0
JvmtiExport can_post_on_exceptions 0
# 186 ciObject found
instanceKlass org/springframework/validation/annotation/Validated
instanceKlass org/springframework/beans/PropertyMatches
instanceKlass org/apache/catalina/webresources/Cache$1
instanceKlass org/springframework/http/converter/ResourceHttpMessageConverter$ActivationMediaTypeFactory
instanceKlass org/springframework/util/CollectionUtils$MultiValueMapAdapter
instanceKlass org/springframework/web/util/HierarchicalUriComponents$1
instanceKlass org/springframework/web/util/UriComponents$UriTemplateVariables
instanceKlass org/springframework/web/util/HierarchicalUriComponents$PathComponent
instanceKlass org/springframework/web/util/UriComponentsBuilder$CompositePathComponentBuilder
instanceKlass org/springframework/web/util/UriComponentsBuilder$PathComponentBuilder
instanceKlass org/springframework/web/util/UriComponents
instanceKlass org/apache/tomcat/util/http/NamesEnumerator
instanceKlass org/apache/tomcat/util/net/NioBlockingSelector$BlockPoller$2
instanceKlass org/springframework/util/StreamUtils
instanceKlass org/springframework/web/servlet/resource/VersionedResource
instanceKlass org/springframework/web/servlet/resource/EncodedResource
instanceKlass org/apache/tomcat/util/http/parser/Cookie$ByteBuffer
instanceKlass org/apache/tomcat/util/http/parser/Cookie
instanceKlass org/apache/catalina/core/StandardEngine$AccessLogListener
instanceKlass org/apache/catalina/core/StandardEngine$NoopAccessLog
instanceKlass org/apache/tomcat/util/ExceptionUtils
instanceKlass org/apache/commons/logging/impl/WeakHashtable$1
instanceKlass org/springframework/web/multipart/support/StandardMultipartHttpServletRequest$StandardMultipartFile
instanceKlass org/apache/catalina/core/ApplicationPart
instanceKlass org/apache/tomcat/util/http/fileupload/disk/DiskFileItem
instanceKlass org/apache/tomcat/util/http/fileupload/FileUploadBase$FileItemIteratorImpl$FileItemStreamImpl
instanceKlass org/apache/tomcat/util/http/fileupload/util/FileItemHeadersImpl
instanceKlass org/apache/tomcat/util/http/fileupload/IOUtils
instanceKlass org/apache/tomcat/util/http/fileupload/util/Streams
instanceKlass org/apache/tomcat/util/http/fileupload/MultipartStream
instanceKlass org/apache/tomcat/util/http/fileupload/MultipartStream$ProgressNotifier
instanceKlass org/apache/tomcat/util/http/fileupload/util/mime/MimeUtility
instanceKlass org/apache/tomcat/util/http/fileupload/ParameterParser
instanceKlass org/apache/tomcat/util/http/fileupload/FileItemStream
instanceKlass org/apache/tomcat/util/http/fileupload/util/Closeable
instanceKlass org/apache/tomcat/util/http/fileupload/FileUploadBase$FileItemIteratorImpl
instanceKlass org/apache/tomcat/util/http/fileupload/servlet/ServletRequestContext
instanceKlass org/apache/tomcat/util/http/fileupload/UploadContext
instanceKlass org/apache/tomcat/util/http/fileupload/FileItemIterator
instanceKlass org/apache/tomcat/util/http/fileupload/FileItemHeaders
instanceKlass org/apache/tomcat/util/http/fileupload/FileUploadBase
instanceKlass org/apache/tomcat/util/http/fileupload/FileItem
instanceKlass org/apache/tomcat/util/http/fileupload/FileItemHeadersSupport
instanceKlass org/apache/tomcat/util/http/fileupload/disk/DiskFileItemFactory
instanceKlass org/hibernate/jpa/criteria/expression/UnaryOperatorExpression
instanceKlass org/springframework/data/repository/query/ParametersParameterAccessor$BindableParameterIterator
instanceKlass com/mysql/jdbc/ProfilerEventHandlerFactory
instanceKlass com/mysql/jdbc/exceptions/DeadlockTimeoutRollbackMarker
instanceKlass com/mysql/jdbc/SQLError
instanceKlass org/hibernate/internal/util/collections/BoundedConcurrentHashMap$1
instanceKlass java/util/concurrent/ConcurrentLinkedQueue$Itr
instanceKlass sun/util/locale/InternalLocaleBuilder$CaseInsensitiveChar
instanceKlass sun/util/locale/InternalLocaleBuilder
instanceKlass sun/util/locale/StringTokenIterator
instanceKlass sun/util/locale/ParseStatus
instanceKlass org/apache/tomcat/util/http/parser/AcceptLanguage
instanceKlass java/util/concurrent/CopyOnWriteArrayList$1
instanceKlass org/springframework/web/accept/PathExtensionContentNegotiationStrategy$ActivationMediaTypeFactory
instanceKlass org/springframework/web/servlet/resource/DefaultResourceResolverChain
instanceKlass org/springframework/web/servlet/mvc/LastModified
instanceKlass org/springframework/util/AntPathMatcher$AntPatternComparator$PatternInfo
